running develop
running egg_info
writing ../../build/r2d2_controller/r2d2_controller.egg-info/PKG-INFO
writing dependency_links to ../../build/r2d2_controller/r2d2_controller.egg-info/dependency_links.txt
writing entry points to ../../build/r2d2_controller/r2d2_controller.egg-info/entry_points.txt
writing requirements to ../../build/r2d2_controller/r2d2_controller.egg-info/requires.txt
writing top-level names to ../../build/r2d2_controller/r2d2_controller.egg-info/top_level.txt
reading manifest file '../../build/r2d2_controller/r2d2_controller.egg-info/SOURCES.txt'
writing manifest file '../../build/r2d2_controller/r2d2_controller.egg-info/SOURCES.txt'
running build
running build_py
copying r2d2_controller/pose_subscriber.py -> /home/shanmukh/ros2_ws/build/r2d2_controller/build/lib/r2d2_controller
running install
running install_lib
copying /home/shanmukh/ros2_ws/build/r2d2_controller/build/lib/r2d2_controller/pose_subscriber.py -> /home/shanmukh/ros2_ws/install/r2d2_controller/lib/python3.10/site-packages/r2d2_controller
byte-compiling /home/shanmukh/ros2_ws/install/r2d2_controller/lib/python3.10/site-packages/r2d2_controller/pose_subscriber.py to pose_subscriber.cpython-310.pyc
running install_data
running install_egg_info
removing '/home/shanmukh/ros2_ws/install/r2d2_controller/lib/python3.10/site-packages/r2d2_controller-0.0.0-py3.10.egg-info' (and everything under it)
Copying ../../build/r2d2_controller/r2d2_controller.egg-info to /home/shanmukh/ros2_ws/install/r2d2_controller/lib/python3.10/site-packages/r2d2_controller-0.0.0-py3.10.egg-info
running install_scripts
Installing draw_circle script to /home/shanmukh/ros2_ws/install/r2d2_controller/lib/r2d2_controller
Installing number_counter script to /home/shanmukh/ros2_ws/install/r2d2_controller/lib/r2d2_controller
Installing number_publisher script to /home/shanmukh/ros2_ws/install/r2d2_controller/lib/r2d2_controller
Installing pose_subscriber script to /home/shanmukh/ros2_ws/install/r2d2_controller/lib/r2d2_controller
Installing test_node script to /home/shanmukh/ros2_ws/install/r2d2_controller/lib/r2d2_controller
Installing turtle_controller script to /home/shanmukh/ros2_ws/install/r2d2_controller/lib/r2d2_controller
writing list of installed files to '/home/shanmukh/ros2_ws/build/r2d2_controller/install.log'
