/home/shanmukh/ros2_ws/install/r2d2_controller/lib/python3.10/site-packages/r2d2_controller/turtle_controller.py
/home/shanmukh/ros2_ws/install/r2d2_controller/lib/python3.10/site-packages/r2d2_controller/pose_subscriber.py
/home/shanmukh/ros2_ws/install/r2d2_controller/lib/python3.10/site-packages/r2d2_controller/__init__.py
/home/shanmukh/ros2_ws/install/r2d2_controller/lib/python3.10/site-packages/r2d2_controller/my_first_node.py
/home/shanmukh/ros2_ws/install/r2d2_controller/lib/python3.10/site-packages/r2d2_controller/draw_circle.py
/home/shanmukh/ros2_ws/install/r2d2_controller/lib/python3.10/site-packages/r2d2_controller/number_counter.py
/home/shanmukh/ros2_ws/install/r2d2_controller/lib/python3.10/site-packages/r2d2_controller/number_publisher.py
/home/shanmukh/ros2_ws/install/r2d2_controller/lib/python3.10/site-packages/r2d2_controller/__pycache__/turtle_controller.cpython-310.pyc
/home/shanmukh/ros2_ws/install/r2d2_controller/lib/python3.10/site-packages/r2d2_controller/__pycache__/pose_subscriber.cpython-310.pyc
/home/shanmukh/ros2_ws/install/r2d2_controller/lib/python3.10/site-packages/r2d2_controller/__pycache__/__init__.cpython-310.pyc
/home/shanmukh/ros2_ws/install/r2d2_controller/lib/python3.10/site-packages/r2d2_controller/__pycache__/my_first_node.cpython-310.pyc
/home/shanmukh/ros2_ws/install/r2d2_controller/lib/python3.10/site-packages/r2d2_controller/__pycache__/draw_circle.cpython-310.pyc
/home/shanmukh/ros2_ws/install/r2d2_controller/lib/python3.10/site-packages/r2d2_controller/__pycache__/number_counter.cpython-310.pyc
/home/shanmukh/ros2_ws/install/r2d2_controller/lib/python3.10/site-packages/r2d2_controller/__pycache__/number_publisher.cpython-310.pyc
/home/shanmukh/ros2_ws/install/r2d2_controller/share/ament_index/resource_index/packages/r2d2_controller
/home/shanmukh/ros2_ws/install/r2d2_controller/share/r2d2_controller/package.xml
/home/shanmukh/ros2_ws/install/r2d2_controller/lib/python3.10/site-packages/r2d2_controller-0.0.0-py3.10.egg-info/top_level.txt
/home/shanmukh/ros2_ws/install/r2d2_controller/lib/python3.10/site-packages/r2d2_controller-0.0.0-py3.10.egg-info/PKG-INFO
/home/shanmukh/ros2_ws/install/r2d2_controller/lib/python3.10/site-packages/r2d2_controller-0.0.0-py3.10.egg-info/zip-safe
/home/shanmukh/ros2_ws/install/r2d2_controller/lib/python3.10/site-packages/r2d2_controller-0.0.0-py3.10.egg-info/dependency_links.txt
/home/shanmukh/ros2_ws/install/r2d2_controller/lib/python3.10/site-packages/r2d2_controller-0.0.0-py3.10.egg-info/entry_points.txt
/home/shanmukh/ros2_ws/install/r2d2_controller/lib/python3.10/site-packages/r2d2_controller-0.0.0-py3.10.egg-info/SOURCES.txt
/home/shanmukh/ros2_ws/install/r2d2_controller/lib/python3.10/site-packages/r2d2_controller-0.0.0-py3.10.egg-info/requires.txt
/home/shanmukh/ros2_ws/install/r2d2_controller/lib/r2d2_controller/draw_circle
/home/shanmukh/ros2_ws/install/r2d2_controller/lib/r2d2_controller/number_counter
/home/shanmukh/ros2_ws/install/r2d2_controller/lib/r2d2_controller/number_publisher
/home/shanmukh/ros2_ws/install/r2d2_controller/lib/r2d2_controller/pose_subscriber
/home/shanmukh/ros2_ws/install/r2d2_controller/lib/r2d2_controller/test_node
/home/shanmukh/ros2_ws/install/r2d2_controller/lib/r2d2_controller/turtle_controller
