[0.242s] Invoking command in '/home/shanmukh/ros2_ws/build/r2d2_controller_cpp': CMAKE_PREFIX_PATH=/home/shanmukh/ros2_ws/install/r2d2_controller:/opt/ros/humble /usr/bin/cmake /home/shanmukh/ros2_ws/src/r2d2_controller_cpp -DCMAKE_INSTALL_PREFIX=/home/shanmukh/ros2_ws/install/r2d2_controller_cpp
[0.320s] -- The C compiler identification is GNU 11.3.0
[0.377s] -- The CXX compiler identification is GNU 11.3.0
[0.387s] -- Detecting C compiler ABI info
[0.432s] -- Detecting C compiler ABI info - done
[0.438s] -- Check for working C compiler: /usr/bin/cc - skipped
[0.438s] -- Detecting C compile features
[0.439s] -- Detecting C compile features - done
[0.441s] -- Detecting CXX compiler ABI info
[0.495s] -- Detecting CXX compiler ABI info - done
[0.500s] -- Check for working CXX compiler: /usr/bin/c++ - skipped
[0.500s] -- Detecting CXX compile features
[0.501s] -- Detecting CXX compile features - done
[0.504s] -- Found ament_cmake: 1.3.4 (/opt/ros/humble/share/ament_cmake/cmake)
[0.637s] -- Found Python3: /usr/bin/python3.10 (found version "3.10.6") found components: Interpreter 
[0.734s] -- Found rclcpp: 16.0.4 (/opt/ros/humble/share/rclcpp/cmake)
[0.781s] -- Found rosidl_generator_c: 3.1.4 (/opt/ros/humble/share/rosidl_generator_c/cmake)
[0.787s] -- Found rosidl_adapter: 3.1.4 (/opt/ros/humble/share/rosidl_adapter/cmake)
[0.796s] -- Found rosidl_generator_cpp: 3.1.4 (/opt/ros/humble/share/rosidl_generator_cpp/cmake)
[0.812s] -- Using all available rosidl_typesupport_c: rosidl_typesupport_fastrtps_c;rosidl_typesupport_introspection_c
[0.831s] -- Using all available rosidl_typesupport_cpp: rosidl_typesupport_fastrtps_cpp;rosidl_typesupport_introspection_cpp
[0.894s] -- Found rmw_implementation_cmake: 6.1.1 (/opt/ros/humble/share/rmw_implementation_cmake/cmake)
[0.897s] -- Found rmw_cyclonedds_cpp: 1.3.4 (/opt/ros/humble/share/rmw_cyclonedds_cpp/cmake)
[0.931s] -- Using RMW implementation 'rmw_cyclonedds_cpp' as default
[0.943s] -- Looking for pthread.h
[1.000s] -- Looking for pthread.h - found
[1.000s] -- Performing Test CMAKE_HAVE_LIBC_PTHREAD
[1.048s] -- Performing Test CMAKE_HAVE_LIBC_PTHREAD - Success
[1.049s] -- Found Threads: TRUE  
[1.173s] -- Found ament_lint_auto: 0.12.6 (/opt/ros/humble/share/ament_lint_auto/cmake)
[1.232s] -- Configuring done
[1.234s] -- Generating done
[1.235s] -- Build files have been written to: /home/shanmukh/ros2_ws/build/r2d2_controller_cpp
[1.242s] Invoked command in '/home/shanmukh/ros2_ws/build/r2d2_controller_cpp' returned '0': CMAKE_PREFIX_PATH=/home/shanmukh/ros2_ws/install/r2d2_controller:/opt/ros/humble /usr/bin/cmake /home/shanmukh/ros2_ws/src/r2d2_controller_cpp -DCMAKE_INSTALL_PREFIX=/home/shanmukh/ros2_ws/install/r2d2_controller_cpp
[1.244s] Invoking command in '/home/shanmukh/ros2_ws/build/r2d2_controller_cpp': CMAKE_PREFIX_PATH=/home/shanmukh/ros2_ws/install/r2d2_controller:/opt/ros/humble /usr/bin/cmake --build /home/shanmukh/ros2_ws/build/r2d2_controller_cpp -- -j8 -l8
[1.275s] Invoked command in '/home/shanmukh/ros2_ws/build/r2d2_controller_cpp' returned '0': CMAKE_PREFIX_PATH=/home/shanmukh/ros2_ws/install/r2d2_controller:/opt/ros/humble /usr/bin/cmake --build /home/shanmukh/ros2_ws/build/r2d2_controller_cpp -- -j8 -l8
[1.293s] Invoking command in '/home/shanmukh/ros2_ws/build/r2d2_controller_cpp': CMAKE_PREFIX_PATH=/home/shanmukh/ros2_ws/install/r2d2_controller:/opt/ros/humble /usr/bin/cmake --install /home/shanmukh/ros2_ws/build/r2d2_controller_cpp
[1.297s] -- Install configuration: ""
[1.297s] -- Installing: /home/shanmukh/ros2_ws/install/r2d2_controller_cpp/share/ament_index/resource_index/package_run_dependencies/r2d2_controller_cpp
[1.297s] -- Installing: /home/shanmukh/ros2_ws/install/r2d2_controller_cpp/share/ament_index/resource_index/parent_prefix_path/r2d2_controller_cpp
[1.297s] -- Installing: /home/shanmukh/ros2_ws/install/r2d2_controller_cpp/share/r2d2_controller_cpp/environment/ament_prefix_path.sh
[1.297s] -- Installing: /home/shanmukh/ros2_ws/install/r2d2_controller_cpp/share/r2d2_controller_cpp/environment/ament_prefix_path.dsv
[1.297s] -- Installing: /home/shanmukh/ros2_ws/install/r2d2_controller_cpp/share/r2d2_controller_cpp/environment/path.sh
[1.297s] -- Installing: /home/shanmukh/ros2_ws/install/r2d2_controller_cpp/share/r2d2_controller_cpp/environment/path.dsv
[1.297s] -- Installing: /home/shanmukh/ros2_ws/install/r2d2_controller_cpp/share/r2d2_controller_cpp/local_setup.bash
[1.297s] -- Installing: /home/shanmukh/ros2_ws/install/r2d2_controller_cpp/share/r2d2_controller_cpp/local_setup.sh
[1.298s] -- Installing: /home/shanmukh/ros2_ws/install/r2d2_controller_cpp/share/r2d2_controller_cpp/local_setup.zsh
[1.298s] -- Installing: /home/shanmukh/ros2_ws/install/r2d2_controller_cpp/share/r2d2_controller_cpp/local_setup.dsv
[1.298s] -- Installing: /home/shanmukh/ros2_ws/install/r2d2_controller_cpp/share/r2d2_controller_cpp/package.dsv
[1.298s] -- Installing: /home/shanmukh/ros2_ws/install/r2d2_controller_cpp/share/ament_index/resource_index/packages/r2d2_controller_cpp
[1.298s] -- Installing: /home/shanmukh/ros2_ws/install/r2d2_controller_cpp/share/r2d2_controller_cpp/cmake/r2d2_controller_cppConfig.cmake
[1.298s] -- Installing: /home/shanmukh/ros2_ws/install/r2d2_controller_cpp/share/r2d2_controller_cpp/cmake/r2d2_controller_cppConfig-version.cmake
[1.298s] -- Installing: /home/shanmukh/ros2_ws/install/r2d2_controller_cpp/share/r2d2_controller_cpp/package.xml
[1.299s] Invoked command in '/home/shanmukh/ros2_ws/build/r2d2_controller_cpp' returned '0': CMAKE_PREFIX_PATH=/home/shanmukh/ros2_ws/install/r2d2_controller:/opt/ros/humble /usr/bin/cmake --install /home/shanmukh/ros2_ws/build/r2d2_controller_cpp
