[0.008s] Invoking command in '/home/shanmukh/ros2_ws/build/r2d2_controller_cpp': CMAKE_PREFIX_PATH=${CMAKE_PREFIX_PATH}:/home/shanmukh/ros2_ws/install/r2d2_controller:/opt/ros/humble /usr/bin/cmake --build /home/shanmukh/ros2_ws/build/r2d2_controller_cpp -- -j8 -l8
[0.032s] [35m[1mConsolidate compiler generated dependencies of target turtle_controller[0m
[0.039s] [ 75%] Built target pose_subsciber
[0.039s] [ 75%] Built target draw_circle
[0.039s] [ 75%] Built target cpp_node
[0.041s] [100%] Built target turtle_controller
[0.047s] Invoked command in '/home/shanmukh/ros2_ws/build/r2d2_controller_cpp' returned '0': CMAKE_PREFIX_PATH=${CMAKE_PREFIX_PATH}:/home/shanmukh/ros2_ws/install/r2d2_controller:/opt/ros/humble /usr/bin/cmake --build /home/shanmukh/ros2_ws/build/r2d2_controller_cpp -- -j8 -l8
[0.069s] Invoking command in '/home/shanmukh/ros2_ws/build/r2d2_controller_cpp': CMAKE_PREFIX_PATH=${CMAKE_PREFIX_PATH}:/home/shanmukh/ros2_ws/install/r2d2_controller:/opt/ros/humble /usr/bin/cmake --install /home/shanmukh/ros2_ws/build/r2d2_controller_cpp
[0.073s] -- Install configuration: ""
[0.073s] -- Execute custom install script
[0.074s] -- Up-to-date symlink: /home/shanmukh/ros2_ws/install/r2d2_controller_cpp/lib/r2d2_controller_cpp/cpp_node
[0.074s] -- Up-to-date symlink: /home/shanmukh/ros2_ws/install/r2d2_controller_cpp/lib/r2d2_controller_cpp/draw_circle
[0.074s] -- Up-to-date symlink: /home/shanmukh/ros2_ws/install/r2d2_controller_cpp/lib/r2d2_controller_cpp/pose_subsciber
[0.074s] -- Up-to-date symlink: /home/shanmukh/ros2_ws/install/r2d2_controller_cpp/lib/r2d2_controller_cpp/turtle_controller
[0.074s] -- Up-to-date symlink: /home/shanmukh/ros2_ws/install/r2d2_controller_cpp/share/ament_index/resource_index/package_run_dependencies/r2d2_controller_cpp
[0.074s] -- Up-to-date symlink: /home/shanmukh/ros2_ws/install/r2d2_controller_cpp/share/ament_index/resource_index/parent_prefix_path/r2d2_controller_cpp
[0.075s] -- Up-to-date symlink: /home/shanmukh/ros2_ws/install/r2d2_controller_cpp/share/r2d2_controller_cpp/environment/ament_prefix_path.sh
[0.075s] -- Up-to-date symlink: /home/shanmukh/ros2_ws/install/r2d2_controller_cpp/share/r2d2_controller_cpp/environment/ament_prefix_path.dsv
[0.075s] -- Up-to-date symlink: /home/shanmukh/ros2_ws/install/r2d2_controller_cpp/share/r2d2_controller_cpp/environment/path.sh
[0.075s] -- Up-to-date symlink: /home/shanmukh/ros2_ws/install/r2d2_controller_cpp/share/r2d2_controller_cpp/environment/path.dsv
[0.075s] -- Up-to-date symlink: /home/shanmukh/ros2_ws/install/r2d2_controller_cpp/share/r2d2_controller_cpp/local_setup.bash
[0.075s] -- Up-to-date symlink: /home/shanmukh/ros2_ws/install/r2d2_controller_cpp/share/r2d2_controller_cpp/local_setup.sh
[0.075s] -- Up-to-date symlink: /home/shanmukh/ros2_ws/install/r2d2_controller_cpp/share/r2d2_controller_cpp/local_setup.zsh
[0.075s] -- Up-to-date symlink: /home/shanmukh/ros2_ws/install/r2d2_controller_cpp/share/r2d2_controller_cpp/local_setup.dsv
[0.075s] -- Symlinking: /home/shanmukh/ros2_ws/install/r2d2_controller_cpp/share/r2d2_controller_cpp/package.dsv
[0.081s] -- Up-to-date symlink: /home/shanmukh/ros2_ws/install/r2d2_controller_cpp/share/ament_index/resource_index/packages/r2d2_controller_cpp
[0.081s] -- Up-to-date symlink: /home/shanmukh/ros2_ws/install/r2d2_controller_cpp/share/r2d2_controller_cpp/cmake/r2d2_controller_cppConfig.cmake
[0.081s] -- Up-to-date symlink: /home/shanmukh/ros2_ws/install/r2d2_controller_cpp/share/r2d2_controller_cpp/cmake/r2d2_controller_cppConfig-version.cmake
[0.081s] -- Up-to-date symlink: /home/shanmukh/ros2_ws/install/r2d2_controller_cpp/share/r2d2_controller_cpp/package.xml
[0.083s] Invoked command in '/home/shanmukh/ros2_ws/build/r2d2_controller_cpp' returned '0': CMAKE_PREFIX_PATH=${CMAKE_PREFIX_PATH}:/home/shanmukh/ros2_ws/install/r2d2_controller:/opt/ros/humble /usr/bin/cmake --install /home/shanmukh/ros2_ws/build/r2d2_controller_cpp
