[0.208s] Invoking command in '/home/shanmukh/ros2_ws/build/r2d2_controller_cpp': CMAKE_PREFIX_PATH=${CMAKE_PREFIX_PATH}:/home/shanmukh/ros2_ws/install/r2d2_controller:/opt/ros/humble /usr/bin/cmake --build /home/shanmukh/ros2_ws/build/r2d2_controller_cpp -- -j8 -l8
[0.244s] -- Found ament_cmake: 1.3.4 (/opt/ros/humble/share/ament_cmake/cmake)
[0.340s] -- Override CMake install command with custom implementation using symlinks instead of copying resources
[0.358s] -- Found rclcpp: 16.0.4 (/opt/ros/humble/share/rclcpp/cmake)
[0.390s] -- Found rosidl_generator_c: 3.1.4 (/opt/ros/humble/share/rosidl_generator_c/cmake)
[0.393s] -- Found rosidl_adapter: 3.1.4 (/opt/ros/humble/share/rosidl_adapter/cmake)
[0.400s] -- Found rosidl_generator_cpp: 3.1.4 (/opt/ros/humble/share/rosidl_generator_cpp/cmake)
[0.411s] -- Using all available rosidl_typesupport_c: rosidl_typesupport_fastrtps_c;rosidl_typesupport_introspection_c
[0.425s] -- Using all available rosidl_typesupport_cpp: rosidl_typesupport_fastrtps_cpp;rosidl_typesupport_introspection_cpp
[0.475s] -- Found rmw_implementation_cmake: 6.1.1 (/opt/ros/humble/share/rmw_implementation_cmake/cmake)
[0.477s] -- Found rmw_cyclonedds_cpp: 1.3.4 (/opt/ros/humble/share/rmw_cyclonedds_cpp/cmake)
[0.504s] -- Using RMW implementation 'rmw_cyclonedds_cpp' as default
[0.614s] -- Found geometry_msgs: 4.2.3 (/opt/ros/humble/share/geometry_msgs/cmake)
[0.643s] -- Found turtlesim: 1.4.2 (/opt/ros/humble/share/turtlesim/cmake)
[0.733s] -- Found example_interfaces: 0.9.3 (/opt/ros/humble/share/example_interfaces/cmake)
[0.812s] -- Configuring done
[0.832s] -- Generating done
[0.833s] -- Build files have been written to: /home/shanmukh/ros2_ws/build/r2d2_controller_cpp
[0.852s] [35m[1mConsolidate compiler generated dependencies of target number_counter[0m
[0.852s] [35m[1mConsolidate compiler generated dependencies of target draw_circle[0m
[0.852s] [35m[1mConsolidate compiler generated dependencies of target turtle_controller[0m
[0.852s] [35m[1mConsolidate compiler generated dependencies of target pose_subsciber[0m
[0.852s] [35m[1mConsolidate compiler generated dependencies of target cpp_node[0m
[0.859s] [  8%] [32mBuilding CXX object CMakeFiles/number_publisher.dir/src/number_publisher.cpp.o[0m
[0.867s] [ 66%] Built target pose_subsciber
[0.867s] [ 66%] Built target cpp_node
[0.867s] [ 66%] Built target draw_circle
[0.867s] [ 75%] Built target number_counter
[0.869s] [ 91%] Built target turtle_controller
[3.501s] [100%] [32m[1mLinking CXX executable number_publisher[0m
[3.671s] [100%] Built target number_publisher
[3.678s] Invoked command in '/home/shanmukh/ros2_ws/build/r2d2_controller_cpp' returned '0': CMAKE_PREFIX_PATH=${CMAKE_PREFIX_PATH}:/home/shanmukh/ros2_ws/install/r2d2_controller:/opt/ros/humble /usr/bin/cmake --build /home/shanmukh/ros2_ws/build/r2d2_controller_cpp -- -j8 -l8
[3.713s] Invoking command in '/home/shanmukh/ros2_ws/build/r2d2_controller_cpp': CMAKE_PREFIX_PATH=${CMAKE_PREFIX_PATH}:/home/shanmukh/ros2_ws/install/r2d2_controller:/opt/ros/humble /usr/bin/cmake --install /home/shanmukh/ros2_ws/build/r2d2_controller_cpp
[3.718s] -- Install configuration: ""
[3.719s] -- Execute custom install script
[3.719s] -- Up-to-date symlink: /home/shanmukh/ros2_ws/install/r2d2_controller_cpp/lib/r2d2_controller_cpp/cpp_node
[3.720s] -- Up-to-date symlink: /home/shanmukh/ros2_ws/install/r2d2_controller_cpp/lib/r2d2_controller_cpp/draw_circle
[3.720s] -- Up-to-date symlink: /home/shanmukh/ros2_ws/install/r2d2_controller_cpp/lib/r2d2_controller_cpp/pose_subsciber
[3.720s] -- Up-to-date symlink: /home/shanmukh/ros2_ws/install/r2d2_controller_cpp/lib/r2d2_controller_cpp/turtle_controller
[3.721s] -- Up-to-date symlink: /home/shanmukh/ros2_ws/install/r2d2_controller_cpp/lib/r2d2_controller_cpp/number_counter
[3.721s] -- Symlinking: /home/shanmukh/ros2_ws/install/r2d2_controller_cpp/lib/r2d2_controller_cpp/number_publisher
[3.729s] -- Up-to-date symlink: /home/shanmukh/ros2_ws/install/r2d2_controller_cpp/share/ament_index/resource_index/package_run_dependencies/r2d2_controller_cpp
[3.729s] -- Up-to-date symlink: /home/shanmukh/ros2_ws/install/r2d2_controller_cpp/share/ament_index/resource_index/parent_prefix_path/r2d2_controller_cpp
[3.730s] -- Up-to-date symlink: /home/shanmukh/ros2_ws/install/r2d2_controller_cpp/share/r2d2_controller_cpp/environment/ament_prefix_path.sh
[3.730s] -- Up-to-date symlink: /home/shanmukh/ros2_ws/install/r2d2_controller_cpp/share/r2d2_controller_cpp/environment/ament_prefix_path.dsv
[3.730s] -- Up-to-date symlink: /home/shanmukh/ros2_ws/install/r2d2_controller_cpp/share/r2d2_controller_cpp/environment/path.sh
[3.730s] -- Up-to-date symlink: /home/shanmukh/ros2_ws/install/r2d2_controller_cpp/share/r2d2_controller_cpp/environment/path.dsv
[3.731s] -- Up-to-date symlink: /home/shanmukh/ros2_ws/install/r2d2_controller_cpp/share/r2d2_controller_cpp/local_setup.bash
[3.731s] -- Up-to-date symlink: /home/shanmukh/ros2_ws/install/r2d2_controller_cpp/share/r2d2_controller_cpp/local_setup.sh
[3.731s] -- Up-to-date symlink: /home/shanmukh/ros2_ws/install/r2d2_controller_cpp/share/r2d2_controller_cpp/local_setup.zsh
[3.731s] -- Up-to-date symlink: /home/shanmukh/ros2_ws/install/r2d2_controller_cpp/share/r2d2_controller_cpp/local_setup.dsv
[3.732s] -- Symlinking: /home/shanmukh/ros2_ws/install/r2d2_controller_cpp/share/r2d2_controller_cpp/package.dsv
[3.737s] -- Up-to-date symlink: /home/shanmukh/ros2_ws/install/r2d2_controller_cpp/share/ament_index/resource_index/packages/r2d2_controller_cpp
[3.737s] -- Up-to-date symlink: /home/shanmukh/ros2_ws/install/r2d2_controller_cpp/share/r2d2_controller_cpp/cmake/r2d2_controller_cppConfig.cmake
[3.738s] -- Up-to-date symlink: /home/shanmukh/ros2_ws/install/r2d2_controller_cpp/share/r2d2_controller_cpp/cmake/r2d2_controller_cppConfig-version.cmake
[3.738s] -- Up-to-date symlink: /home/shanmukh/ros2_ws/install/r2d2_controller_cpp/share/r2d2_controller_cpp/package.xml
[3.741s] Invoked command in '/home/shanmukh/ros2_ws/build/r2d2_controller_cpp' returned '0': CMAKE_PREFIX_PATH=${CMAKE_PREFIX_PATH}:/home/shanmukh/ros2_ws/install/r2d2_controller:/opt/ros/humble /usr/bin/cmake --install /home/shanmukh/ros2_ws/build/r2d2_controller_cpp
