[0.492s] Invoking command in '/home/shanmukh/ros2_ws/src/r2d2_controller': PYTHONPATH=/home/shanmukh/ros2_ws/build/r2d2_controller/prefix_override:/home/shanmukh/ros2_ws/install/r2d2_controller/lib/python3.10/site-packages:${PYTHONPATH} /usr/bin/python3 setup.py egg_info --egg-base ../../build/r2d2_controller build --build-base /home/shanmukh/ros2_ws/build/r2d2_controller/build install --record /home/shanmukh/ros2_ws/build/r2d2_controller/install.log --single-version-externally-managed
[0.669s] running egg_info
[0.669s] writing ../../build/r2d2_controller/r2d2_controller.egg-info/PKG-INFO
[0.669s] writing dependency_links to ../../build/r2d2_controller/r2d2_controller.egg-info/dependency_links.txt
[0.669s] writing entry points to ../../build/r2d2_controller/r2d2_controller.egg-info/entry_points.txt
[0.669s] writing requirements to ../../build/r2d2_controller/r2d2_controller.egg-info/requires.txt
[0.669s] writing top-level names to ../../build/r2d2_controller/r2d2_controller.egg-info/top_level.txt
[0.670s] reading manifest file '../../build/r2d2_controller/r2d2_controller.egg-info/SOURCES.txt'
[0.671s] writing manifest file '../../build/r2d2_controller/r2d2_controller.egg-info/SOURCES.txt'
[0.671s] running build
[0.671s] running build_py
[0.671s] running install
[0.671s] running install_lib
[0.672s] running install_data
[0.672s] running install_egg_info
[0.673s] removing '/home/shanmukh/ros2_ws/install/r2d2_controller/lib/python3.10/site-packages/r2d2_controller-0.0.0-py3.10.egg-info' (and everything under it)
[0.673s] Copying ../../build/r2d2_controller/r2d2_controller.egg-info to /home/shanmukh/ros2_ws/install/r2d2_controller/lib/python3.10/site-packages/r2d2_controller-0.0.0-py3.10.egg-info
[0.674s] running install_scripts
[0.688s] writing list of installed files to '/home/shanmukh/ros2_ws/build/r2d2_controller/install.log'
[0.707s] Invoked command in '/home/shanmukh/ros2_ws/src/r2d2_controller' returned '0': PYTHONPATH=/home/shanmukh/ros2_ws/build/r2d2_controller/prefix_override:/home/shanmukh/ros2_ws/install/r2d2_controller/lib/python3.10/site-packages:${PYTHONPATH} /usr/bin/python3 setup.py egg_info --egg-base ../../build/r2d2_controller build --build-base /home/shanmukh/ros2_ws/build/r2d2_controller/build install --record /home/shanmukh/ros2_ws/build/r2d2_controller/install.log --single-version-externally-managed
