[0.224s] DEBUG:colcon:Command line arguments: ['/usr/bin/colcon', 'build', '--symlink-install']
[0.224s] DEBUG:colcon:Parsed command line arguments: Namespace(log_base=None, log_level=None, verb_name='build', build_base='build', install_base='install', merge_install=False, symlink_install=True, test_result_base=None, continue_on_error=False, executor='parallel', parallel_workers=8, event_handlers=None, ignore_user_meta=False, metas=['./colcon.meta'], base_paths=['.'], packages_ignore=None, packages_ignore_regex=None, paths=None, packages_up_to=None, packages_up_to_regex=None, packages_above=None, packages_above_and_dependencies=None, packages_above_depth=None, packages_select_by_dep=None, packages_skip_by_dep=None, packages_skip_up_to=None, packages_select_build_failed=False, packages_skip_build_finished=False, packages_select_test_failures=False, packages_skip_test_passed=False, packages_select=None, packages_skip=None, packages_select_regex=None, packages_skip_regex=None, packages_start=None, packages_end=None, allow_overriding=[], cmake_args=None, cmake_target=None, cmake_target_skip_unavailable=False, cmake_clean_cache=False, cmake_clean_first=False, cmake_force_configure=False, ament_cmake_args=None, catkin_cmake_args=None, catkin_skip_building_tests=False, verb_parser=<colcon_defaults.argument_parser.defaults.DefaultArgumentsDecorator object at 0x7fea10b12b60>, verb_extension=<colcon_core.verb.build.BuildVerb object at 0x7fea10b125f0>, main=<bound method BuildVerb.main of <colcon_core.verb.build.BuildVerb object at 0x7fea10b125f0>>)
[0.237s] Level 1:colcon.colcon_core.package_discovery:discover_packages(colcon_meta) check parameters
[0.237s] Level 1:colcon.colcon_core.package_discovery:discover_packages(recursive) check parameters
[0.237s] Level 1:colcon.colcon_core.package_discovery:discover_packages(ignore) check parameters
[0.237s] Level 1:colcon.colcon_core.package_discovery:discover_packages(path) check parameters
[0.237s] Level 1:colcon.colcon_core.package_discovery:discover_packages(colcon_meta) discover
[0.237s] Level 1:colcon.colcon_core.package_discovery:discover_packages(recursive) discover
[0.237s] INFO:colcon.colcon_core.package_discovery:Crawling recursively for packages in '/home/shanmukh/ros2_ws'
[0.238s] Level 1:colcon.colcon_core.package_identification:_identify(.) by extensions ['ignore', 'ignore_ament_install']
[0.238s] Level 1:colcon.colcon_core.package_identification:_identify(.) by extension 'ignore'
[0.238s] Level 1:colcon.colcon_core.package_identification:_identify(.) by extension 'ignore_ament_install'
[0.238s] Level 1:colcon.colcon_core.package_identification:_identify(.) by extensions ['colcon_pkg']
[0.238s] Level 1:colcon.colcon_core.package_identification:_identify(.) by extension 'colcon_pkg'
[0.238s] Level 1:colcon.colcon_core.package_identification:_identify(.) by extensions ['colcon_meta']
[0.238s] Level 1:colcon.colcon_core.package_identification:_identify(.) by extension 'colcon_meta'
[0.238s] Level 1:colcon.colcon_core.package_identification:_identify(.) by extensions ['ros']
[0.238s] Level 1:colcon.colcon_core.package_identification:_identify(.) by extension 'ros'
[0.245s] Level 1:colcon.colcon_core.package_identification:_identify(.) by extensions ['cmake', 'python']
[0.245s] Level 1:colcon.colcon_core.package_identification:_identify(.) by extension 'cmake'
[0.245s] Level 1:colcon.colcon_core.package_identification:_identify(.) by extension 'python'
[0.245s] Level 1:colcon.colcon_core.package_identification:_identify(.) by extensions ['python_setup_py']
[0.245s] Level 1:colcon.colcon_core.package_identification:_identify(.) by extension 'python_setup_py'
[0.245s] Level 1:colcon.colcon_core.package_identification:_identify(build) by extensions ['ignore', 'ignore_ament_install']
[0.245s] Level 1:colcon.colcon_core.package_identification:_identify(build) by extension 'ignore'
[0.245s] Level 1:colcon.colcon_core.package_identification:_identify(build) ignored
[0.245s] Level 1:colcon.colcon_core.package_identification:_identify(install) by extensions ['ignore', 'ignore_ament_install']
[0.245s] Level 1:colcon.colcon_core.package_identification:_identify(install) by extension 'ignore'
[0.245s] Level 1:colcon.colcon_core.package_identification:_identify(install) ignored
[0.245s] Level 1:colcon.colcon_core.package_identification:_identify(log) by extensions ['ignore', 'ignore_ament_install']
[0.245s] Level 1:colcon.colcon_core.package_identification:_identify(log) by extension 'ignore'
[0.245s] Level 1:colcon.colcon_core.package_identification:_identify(log) ignored
[0.245s] Level 1:colcon.colcon_core.package_identification:_identify(src) by extensions ['ignore', 'ignore_ament_install']
[0.245s] Level 1:colcon.colcon_core.package_identification:_identify(src) by extension 'ignore'
[0.245s] Level 1:colcon.colcon_core.package_identification:_identify(src) by extension 'ignore_ament_install'
[0.245s] Level 1:colcon.colcon_core.package_identification:_identify(src) by extensions ['colcon_pkg']
[0.245s] Level 1:colcon.colcon_core.package_identification:_identify(src) by extension 'colcon_pkg'
[0.245s] Level 1:colcon.colcon_core.package_identification:_identify(src) by extensions ['colcon_meta']
[0.245s] Level 1:colcon.colcon_core.package_identification:_identify(src) by extension 'colcon_meta'
[0.245s] Level 1:colcon.colcon_core.package_identification:_identify(src) by extensions ['ros']
[0.245s] Level 1:colcon.colcon_core.package_identification:_identify(src) by extension 'ros'
[0.245s] Level 1:colcon.colcon_core.package_identification:_identify(src) by extensions ['cmake', 'python']
[0.246s] Level 1:colcon.colcon_core.package_identification:_identify(src) by extension 'cmake'
[0.246s] Level 1:colcon.colcon_core.package_identification:_identify(src) by extension 'python'
[0.246s] Level 1:colcon.colcon_core.package_identification:_identify(src) by extensions ['python_setup_py']
[0.246s] Level 1:colcon.colcon_core.package_identification:_identify(src) by extension 'python_setup_py'
[0.246s] Level 1:colcon.colcon_core.package_identification:_identify(src/r2d2_controller) by extensions ['ignore', 'ignore_ament_install']
[0.246s] Level 1:colcon.colcon_core.package_identification:_identify(src/r2d2_controller) by extension 'ignore'
[0.246s] Level 1:colcon.colcon_core.package_identification:_identify(src/r2d2_controller) by extension 'ignore_ament_install'
[0.246s] Level 1:colcon.colcon_core.package_identification:_identify(src/r2d2_controller) by extensions ['colcon_pkg']
[0.246s] Level 1:colcon.colcon_core.package_identification:_identify(src/r2d2_controller) by extension 'colcon_pkg'
[0.246s] Level 1:colcon.colcon_core.package_identification:_identify(src/r2d2_controller) by extensions ['colcon_meta']
[0.246s] Level 1:colcon.colcon_core.package_identification:_identify(src/r2d2_controller) by extension 'colcon_meta'
[0.246s] Level 1:colcon.colcon_core.package_identification:_identify(src/r2d2_controller) by extensions ['ros']
[0.246s] Level 1:colcon.colcon_core.package_identification:_identify(src/r2d2_controller) by extension 'ros'
[0.247s] DEBUG:colcon.colcon_core.package_identification:Package 'src/r2d2_controller' with type 'ros.ament_python' and name 'r2d2_controller'
[0.248s] Level 1:colcon.colcon_core.package_identification:_identify(src/r2d2_controller_cpp) by extensions ['ignore', 'ignore_ament_install']
[0.248s] Level 1:colcon.colcon_core.package_identification:_identify(src/r2d2_controller_cpp) by extension 'ignore'
[0.248s] Level 1:colcon.colcon_core.package_identification:_identify(src/r2d2_controller_cpp) by extension 'ignore_ament_install'
[0.248s] Level 1:colcon.colcon_core.package_identification:_identify(src/r2d2_controller_cpp) by extensions ['colcon_pkg']
[0.248s] Level 1:colcon.colcon_core.package_identification:_identify(src/r2d2_controller_cpp) by extension 'colcon_pkg'
[0.248s] Level 1:colcon.colcon_core.package_identification:_identify(src/r2d2_controller_cpp) by extensions ['colcon_meta']
[0.248s] Level 1:colcon.colcon_core.package_identification:_identify(src/r2d2_controller_cpp) by extension 'colcon_meta'
[0.248s] Level 1:colcon.colcon_core.package_identification:_identify(src/r2d2_controller_cpp) by extensions ['ros']
[0.248s] Level 1:colcon.colcon_core.package_identification:_identify(src/r2d2_controller_cpp) by extension 'ros'
[0.248s] DEBUG:colcon.colcon_core.package_identification:Package 'src/r2d2_controller_cpp' with type 'ros.ament_cmake' and name 'r2d2_controller_cpp'
[0.248s] Level 1:colcon.colcon_core.package_discovery:discover_packages(recursive) using defaults
[0.248s] Level 1:colcon.colcon_core.package_discovery:discover_packages(ignore) discover
[0.248s] Level 1:colcon.colcon_core.package_discovery:discover_packages(ignore) using defaults
[0.248s] Level 1:colcon.colcon_core.package_discovery:discover_packages(path) discover
[0.248s] Level 1:colcon.colcon_core.package_discovery:discover_packages(path) using defaults
[0.263s] Level 1:colcon.colcon_core.package_discovery:discover_packages(prefix_path) check parameters
[0.263s] Level 1:colcon.colcon_core.package_discovery:discover_packages(prefix_path) discover
[0.264s] DEBUG:colcon.colcon_installed_package_information.package_discovery:Found 2 installed packages in /home/shanmukh/ros2_ws/install
[0.266s] DEBUG:colcon.colcon_installed_package_information.package_discovery:Found 377 installed packages in /opt/ros/humble
[0.267s] Level 1:colcon.colcon_core.package_discovery:discover_packages(prefix_path) using defaults
[0.305s] Level 5:colcon.colcon_core.verb:set package 'r2d2_controller' build argument 'cmake_args' from command line to 'None'
[0.306s] Level 5:colcon.colcon_core.verb:set package 'r2d2_controller' build argument 'cmake_target' from command line to 'None'
[0.306s] Level 5:colcon.colcon_core.verb:set package 'r2d2_controller' build argument 'cmake_target_skip_unavailable' from command line to 'False'
[0.306s] Level 5:colcon.colcon_core.verb:set package 'r2d2_controller' build argument 'cmake_clean_cache' from command line to 'False'
[0.306s] Level 5:colcon.colcon_core.verb:set package 'r2d2_controller' build argument 'cmake_clean_first' from command line to 'False'
[0.306s] Level 5:colcon.colcon_core.verb:set package 'r2d2_controller' build argument 'cmake_force_configure' from command line to 'False'
[0.306s] Level 5:colcon.colcon_core.verb:set package 'r2d2_controller' build argument 'ament_cmake_args' from command line to 'None'
[0.306s] Level 5:colcon.colcon_core.verb:set package 'r2d2_controller' build argument 'catkin_cmake_args' from command line to 'None'
[0.306s] Level 5:colcon.colcon_core.verb:set package 'r2d2_controller' build argument 'catkin_skip_building_tests' from command line to 'False'
[0.306s] DEBUG:colcon.colcon_core.verb:Building package 'r2d2_controller' with the following arguments: {'ament_cmake_args': None, 'build_base': '/home/shanmukh/ros2_ws/build/r2d2_controller', 'catkin_cmake_args': None, 'catkin_skip_building_tests': False, 'cmake_args': None, 'cmake_clean_cache': False, 'cmake_clean_first': False, 'cmake_force_configure': False, 'cmake_target': None, 'cmake_target_skip_unavailable': False, 'install_base': '/home/shanmukh/ros2_ws/install/r2d2_controller', 'merge_install': False, 'path': '/home/shanmukh/ros2_ws/src/r2d2_controller', 'symlink_install': True, 'test_result_base': None}
[0.306s] Level 5:colcon.colcon_core.verb:set package 'r2d2_controller_cpp' build argument 'cmake_args' from command line to 'None'
[0.306s] Level 5:colcon.colcon_core.verb:set package 'r2d2_controller_cpp' build argument 'cmake_target' from command line to 'None'
[0.306s] Level 5:colcon.colcon_core.verb:set package 'r2d2_controller_cpp' build argument 'cmake_target_skip_unavailable' from command line to 'False'
[0.306s] Level 5:colcon.colcon_core.verb:set package 'r2d2_controller_cpp' build argument 'cmake_clean_cache' from command line to 'False'
[0.306s] Level 5:colcon.colcon_core.verb:set package 'r2d2_controller_cpp' build argument 'cmake_clean_first' from command line to 'False'
[0.306s] Level 5:colcon.colcon_core.verb:set package 'r2d2_controller_cpp' build argument 'cmake_force_configure' from command line to 'False'
[0.306s] Level 5:colcon.colcon_core.verb:set package 'r2d2_controller_cpp' build argument 'ament_cmake_args' from command line to 'None'
[0.306s] Level 5:colcon.colcon_core.verb:set package 'r2d2_controller_cpp' build argument 'catkin_cmake_args' from command line to 'None'
[0.306s] Level 5:colcon.colcon_core.verb:set package 'r2d2_controller_cpp' build argument 'catkin_skip_building_tests' from command line to 'False'
[0.306s] DEBUG:colcon.colcon_core.verb:Building package 'r2d2_controller_cpp' with the following arguments: {'ament_cmake_args': None, 'build_base': '/home/shanmukh/ros2_ws/build/r2d2_controller_cpp', 'catkin_cmake_args': None, 'catkin_skip_building_tests': False, 'cmake_args': None, 'cmake_clean_cache': False, 'cmake_clean_first': False, 'cmake_force_configure': False, 'cmake_target': None, 'cmake_target_skip_unavailable': False, 'install_base': '/home/shanmukh/ros2_ws/install/r2d2_controller_cpp', 'merge_install': False, 'path': '/home/shanmukh/ros2_ws/src/r2d2_controller_cpp', 'symlink_install': True, 'test_result_base': None}
[0.307s] INFO:colcon.colcon_core.executor:Executing jobs using 'parallel' executor
[0.309s] DEBUG:colcon.colcon_parallel_executor.executor.parallel:run_until_complete
[0.309s] INFO:colcon.colcon_ros.task.ament_python.build:Building ROS package in '/home/shanmukh/ros2_ws/src/r2d2_controller' with build type 'ament_python'
[0.309s] Level 1:colcon.colcon_core.shell:create_environment_hook('r2d2_controller', 'ament_prefix_path')
[0.311s] INFO:colcon.colcon_core.plugin_system:Skipping extension 'colcon_core.shell.bat': Not used on non-Windows systems
[0.312s] INFO:colcon.colcon_core.shell:Creating environment hook '/home/shanmukh/ros2_ws/install/r2d2_controller/share/r2d2_controller/hook/ament_prefix_path.ps1'
[0.312s] INFO:colcon.colcon_core.shell:Creating environment descriptor '/home/shanmukh/ros2_ws/install/r2d2_controller/share/r2d2_controller/hook/ament_prefix_path.dsv'
[0.312s] INFO:colcon.colcon_core.shell:Creating environment hook '/home/shanmukh/ros2_ws/install/r2d2_controller/share/r2d2_controller/hook/ament_prefix_path.sh'
[0.313s] INFO:colcon.colcon_core.shell:Skip shell extension 'powershell' for command environment: Not usable outside of PowerShell
[0.313s] DEBUG:colcon.colcon_core.shell:Skip shell extension 'dsv' for command environment
[0.316s] INFO:colcon.colcon_ros.task.ament_cmake.build:Building ROS package in '/home/shanmukh/ros2_ws/src/r2d2_controller_cpp' with build type 'ament_cmake'
[0.316s] INFO:colcon.colcon_cmake.task.cmake.build:Building CMake package in '/home/shanmukh/ros2_ws/src/r2d2_controller_cpp'
[0.317s] INFO:colcon.colcon_core.shell:Skip shell extension 'powershell' for command environment: Not usable outside of PowerShell
[0.317s] DEBUG:colcon.colcon_core.shell:Skip shell extension 'dsv' for command environment
[0.507s] INFO:colcon.colcon_core.task.python.build:Building Python package in '/home/shanmukh/ros2_ws/src/r2d2_controller'
[0.508s] INFO:colcon.colcon_core.shell:Skip shell extension 'powershell' for command environment: Not usable outside of PowerShell
[0.508s] DEBUG:colcon.colcon_core.shell:Skip shell extension 'dsv' for command environment
[0.514s] DEBUG:colcon.colcon_core.event_handler.log_command:Invoking command in '/home/shanmukh/ros2_ws/build/r2d2_controller_cpp': CMAKE_PREFIX_PATH=${CMAKE_PREFIX_PATH}:/home/shanmukh/ros2_ws/install/r2d2_controller:/opt/ros/humble /usr/bin/cmake --build /home/shanmukh/ros2_ws/build/r2d2_controller_cpp -- -j8 -l8
[0.800s] DEBUG:colcon.colcon_core.event_handler.log_command:Invoking command in '/home/shanmukh/ros2_ws/build/r2d2_controller': PYTHONPATH=/home/shanmukh/ros2_ws/build/r2d2_controller/prefix_override:/home/shanmukh/ros2_ws/install/r2d2_controller/lib/python3.10/site-packages:${PYTHONPATH} /usr/bin/python3 setup.py develop --editable --build-directory /home/shanmukh/ros2_ws/build/r2d2_controller/build --no-deps install_data
[1.158s] Level 1:colcon.colcon_core.shell:create_environment_hook('r2d2_controller', 'pythonpath_develop')
[1.159s] INFO:colcon.colcon_core.shell:Creating environment hook '/home/shanmukh/ros2_ws/build/r2d2_controller/share/r2d2_controller/hook/pythonpath_develop.ps1'
[1.160s] DEBUG:colcon.colcon_core.event_handler.log_command:Invoked command in '/home/shanmukh/ros2_ws/build/r2d2_controller' returned '0': PYTHONPATH=/home/shanmukh/ros2_ws/build/r2d2_controller/prefix_override:/home/shanmukh/ros2_ws/install/r2d2_controller/lib/python3.10/site-packages:${PYTHONPATH} /usr/bin/python3 setup.py develop --editable --build-directory /home/shanmukh/ros2_ws/build/r2d2_controller/build --no-deps install_data
[1.160s] INFO:colcon.colcon_core.shell:Creating environment descriptor '/home/shanmukh/ros2_ws/build/r2d2_controller/share/r2d2_controller/hook/pythonpath_develop.dsv'
[1.160s] INFO:colcon.colcon_core.shell:Creating environment hook '/home/shanmukh/ros2_ws/build/r2d2_controller/share/r2d2_controller/hook/pythonpath_develop.sh'
[1.164s] Level 1:colcon.colcon_core.environment:checking '/home/shanmukh/ros2_ws/install/r2d2_controller' for CMake module files
[1.164s] Level 1:colcon.colcon_core.environment:checking '/home/shanmukh/ros2_ws/install/r2d2_controller' for CMake config files
[1.164s] Level 1:colcon.colcon_core.environment:checking '/home/shanmukh/ros2_ws/install/r2d2_controller/lib'
[1.164s] Level 1:colcon.colcon_core.environment:checking '/home/shanmukh/ros2_ws/install/r2d2_controller/bin'
[1.164s] Level 1:colcon.colcon_core.environment:checking '/home/shanmukh/ros2_ws/install/r2d2_controller/lib/pkgconfig/r2d2_controller.pc'
[1.165s] Level 1:colcon.colcon_core.environment:checking '/home/shanmukh/ros2_ws/install/r2d2_controller/lib/python3.10/site-packages'
[1.165s] Level 1:colcon.colcon_core.shell:create_environment_hook('r2d2_controller', 'pythonpath')
[1.165s] INFO:colcon.colcon_core.shell:Creating environment hook '/home/shanmukh/ros2_ws/install/r2d2_controller/share/r2d2_controller/hook/pythonpath.ps1'
[1.166s] INFO:colcon.colcon_core.shell:Creating environment descriptor '/home/shanmukh/ros2_ws/install/r2d2_controller/share/r2d2_controller/hook/pythonpath.dsv'
[1.166s] INFO:colcon.colcon_core.shell:Creating environment hook '/home/shanmukh/ros2_ws/install/r2d2_controller/share/r2d2_controller/hook/pythonpath.sh'
[1.166s] Level 1:colcon.colcon_core.environment:checking '/home/shanmukh/ros2_ws/install/r2d2_controller/bin'
[1.166s] Level 1:colcon.colcon_core.environment:create_environment_scripts_only(r2d2_controller)
[1.167s] INFO:colcon.colcon_core.shell:Creating package script '/home/shanmukh/ros2_ws/install/r2d2_controller/share/r2d2_controller/package.ps1'
[1.168s] INFO:colcon.colcon_core.shell:Creating package descriptor '/home/shanmukh/ros2_ws/install/r2d2_controller/share/r2d2_controller/package.dsv'
[1.168s] INFO:colcon.colcon_core.shell:Creating package script '/home/shanmukh/ros2_ws/install/r2d2_controller/share/r2d2_controller/package.sh'
[1.168s] INFO:colcon.colcon_core.shell:Creating package script '/home/shanmukh/ros2_ws/install/r2d2_controller/share/r2d2_controller/package.bash'
[1.169s] INFO:colcon.colcon_core.shell:Creating package script '/home/shanmukh/ros2_ws/install/r2d2_controller/share/r2d2_controller/package.zsh'
[1.170s] Level 1:colcon.colcon_core.environment:create_file_with_runtime_dependencies(/home/shanmukh/ros2_ws/install/r2d2_controller/share/colcon-core/packages/r2d2_controller)
[6.048s] DEBUG:colcon.colcon_core.event_handler.log_command:Invoked command in '/home/shanmukh/ros2_ws/build/r2d2_controller_cpp' returned '0': CMAKE_PREFIX_PATH=${CMAKE_PREFIX_PATH}:/home/shanmukh/ros2_ws/install/r2d2_controller:/opt/ros/humble /usr/bin/cmake --build /home/shanmukh/ros2_ws/build/r2d2_controller_cpp -- -j8 -l8
[6.073s] DEBUG:colcon.colcon_core.event_handler.log_command:Invoking command in '/home/shanmukh/ros2_ws/build/r2d2_controller_cpp': CMAKE_PREFIX_PATH=${CMAKE_PREFIX_PATH}:/home/shanmukh/ros2_ws/install/r2d2_controller:/opt/ros/humble /usr/bin/cmake --install /home/shanmukh/ros2_ws/build/r2d2_controller_cpp
[6.086s] Level 1:colcon.colcon_core.environment:create_environment_scripts_only(r2d2_controller_cpp)
[6.087s] Level 1:colcon.colcon_core.environment:checking '/home/shanmukh/ros2_ws/install/r2d2_controller_cpp' for CMake module files
[6.088s] DEBUG:colcon.colcon_core.event_handler.log_command:Invoked command in '/home/shanmukh/ros2_ws/build/r2d2_controller_cpp' returned '0': CMAKE_PREFIX_PATH=${CMAKE_PREFIX_PATH}:/home/shanmukh/ros2_ws/install/r2d2_controller:/opt/ros/humble /usr/bin/cmake --install /home/shanmukh/ros2_ws/build/r2d2_controller_cpp
[6.088s] Level 1:colcon.colcon_core.environment:checking '/home/shanmukh/ros2_ws/install/r2d2_controller_cpp' for CMake config files
[6.088s] Level 1:colcon.colcon_core.shell:create_environment_hook('r2d2_controller_cpp', 'cmake_prefix_path')
[6.090s] INFO:colcon.colcon_core.shell:Creating environment hook '/home/shanmukh/ros2_ws/install/r2d2_controller_cpp/share/r2d2_controller_cpp/hook/cmake_prefix_path.ps1'
[6.090s] INFO:colcon.colcon_core.shell:Creating environment descriptor '/home/shanmukh/ros2_ws/install/r2d2_controller_cpp/share/r2d2_controller_cpp/hook/cmake_prefix_path.dsv'
[6.090s] INFO:colcon.colcon_core.shell:Creating environment hook '/home/shanmukh/ros2_ws/install/r2d2_controller_cpp/share/r2d2_controller_cpp/hook/cmake_prefix_path.sh'
[6.091s] Level 1:colcon.colcon_core.environment:checking '/home/shanmukh/ros2_ws/install/r2d2_controller_cpp/lib'
[6.091s] Level 1:colcon.colcon_core.environment:checking '/home/shanmukh/ros2_ws/install/r2d2_controller_cpp/bin'
[6.091s] Level 1:colcon.colcon_core.environment:checking '/home/shanmukh/ros2_ws/install/r2d2_controller_cpp/lib/pkgconfig/r2d2_controller_cpp.pc'
[6.091s] Level 1:colcon.colcon_core.environment:checking '/home/shanmukh/ros2_ws/install/r2d2_controller_cpp/lib/python3.10/site-packages'
[6.091s] Level 1:colcon.colcon_core.environment:checking '/home/shanmukh/ros2_ws/install/r2d2_controller_cpp/bin'
[6.092s] INFO:colcon.colcon_core.shell:Creating package script '/home/shanmukh/ros2_ws/install/r2d2_controller_cpp/share/r2d2_controller_cpp/package.ps1'
[6.093s] INFO:colcon.colcon_core.shell:Creating package descriptor '/home/shanmukh/ros2_ws/install/r2d2_controller_cpp/share/r2d2_controller_cpp/package.dsv'
[6.093s] INFO:colcon.colcon_core.shell:Creating package script '/home/shanmukh/ros2_ws/install/r2d2_controller_cpp/share/r2d2_controller_cpp/package.sh'
[6.093s] INFO:colcon.colcon_core.shell:Creating package script '/home/shanmukh/ros2_ws/install/r2d2_controller_cpp/share/r2d2_controller_cpp/package.bash'
[6.093s] INFO:colcon.colcon_core.shell:Creating package script '/home/shanmukh/ros2_ws/install/r2d2_controller_cpp/share/r2d2_controller_cpp/package.zsh'
[6.093s] Level 1:colcon.colcon_core.environment:create_file_with_runtime_dependencies(/home/shanmukh/ros2_ws/install/r2d2_controller_cpp/share/colcon-core/packages/r2d2_controller_cpp)
[6.121s] Level 1:colcon.colcon_core.environment:create_environment_scripts_only(r2d2_controller_cpp)
[6.123s] Level 1:colcon.colcon_core.environment:checking '/home/shanmukh/ros2_ws/install/r2d2_controller_cpp' for CMake module files
[6.124s] Level 1:colcon.colcon_core.environment:checking '/home/shanmukh/ros2_ws/install/r2d2_controller_cpp' for CMake config files
[6.124s] Level 1:colcon.colcon_core.shell:create_environment_hook('r2d2_controller_cpp', 'cmake_prefix_path')
[6.125s] INFO:colcon.colcon_core.shell:Creating environment hook '/home/shanmukh/ros2_ws/install/r2d2_controller_cpp/share/r2d2_controller_cpp/hook/cmake_prefix_path.ps1'
[6.126s] INFO:colcon.colcon_core.shell:Creating environment descriptor '/home/shanmukh/ros2_ws/install/r2d2_controller_cpp/share/r2d2_controller_cpp/hook/cmake_prefix_path.dsv'
[6.126s] INFO:colcon.colcon_core.shell:Creating environment hook '/home/shanmukh/ros2_ws/install/r2d2_controller_cpp/share/r2d2_controller_cpp/hook/cmake_prefix_path.sh'
[6.126s] Level 1:colcon.colcon_core.environment:checking '/home/shanmukh/ros2_ws/install/r2d2_controller_cpp/lib'
[6.127s] Level 1:colcon.colcon_core.environment:checking '/home/shanmukh/ros2_ws/install/r2d2_controller_cpp/bin'
[6.127s] Level 1:colcon.colcon_core.environment:checking '/home/shanmukh/ros2_ws/install/r2d2_controller_cpp/lib/pkgconfig/r2d2_controller_cpp.pc'
[6.127s] Level 1:colcon.colcon_core.environment:checking '/home/shanmukh/ros2_ws/install/r2d2_controller_cpp/lib/python3.10/site-packages'
[6.127s] Level 1:colcon.colcon_core.environment:checking '/home/shanmukh/ros2_ws/install/r2d2_controller_cpp/bin'
[6.128s] INFO:colcon.colcon_core.shell:Creating package script '/home/shanmukh/ros2_ws/install/r2d2_controller_cpp/share/r2d2_controller_cpp/package.ps1'
[6.128s] INFO:colcon.colcon_core.shell:Creating package descriptor '/home/shanmukh/ros2_ws/install/r2d2_controller_cpp/share/r2d2_controller_cpp/package.dsv'
[6.128s] INFO:colcon.colcon_core.shell:Creating package script '/home/shanmukh/ros2_ws/install/r2d2_controller_cpp/share/r2d2_controller_cpp/package.sh'
[6.129s] INFO:colcon.colcon_core.shell:Creating package script '/home/shanmukh/ros2_ws/install/r2d2_controller_cpp/share/r2d2_controller_cpp/package.bash'
[6.129s] INFO:colcon.colcon_core.shell:Creating package script '/home/shanmukh/ros2_ws/install/r2d2_controller_cpp/share/r2d2_controller_cpp/package.zsh'
[6.129s] Level 1:colcon.colcon_core.environment:create_file_with_runtime_dependencies(/home/shanmukh/ros2_ws/install/r2d2_controller_cpp/share/colcon-core/packages/r2d2_controller_cpp)
[6.129s] DEBUG:colcon.colcon_parallel_executor.executor.parallel:closing loop
[6.129s] DEBUG:colcon.colcon_parallel_executor.executor.parallel:loop closed
[6.129s] DEBUG:colcon.colcon_parallel_executor.executor.parallel:run_until_complete finished with '0'
[6.129s] DEBUG:colcon.colcon_core.event_reactor:joining thread
[6.133s] INFO:colcon.colcon_core.plugin_system:Skipping extension 'colcon_notification.desktop_notification.terminal_notifier': Not used on non-Darwin systems
[6.133s] INFO:colcon.colcon_core.plugin_system:Skipping extension 'colcon_notification.desktop_notification.win32': Not used on non-Windows systems
[6.133s] INFO:colcon.colcon_notification.desktop_notification:Sending desktop notification using 'notify2'
[6.142s] DEBUG:colcon.colcon_core.event_reactor:joined thread
[6.143s] INFO:colcon.colcon_core.shell:Creating prefix script '/home/shanmukh/ros2_ws/install/local_setup.ps1'
[6.144s] INFO:colcon.colcon_core.shell:Creating prefix util module '/home/shanmukh/ros2_ws/install/_local_setup_util_ps1.py'
[6.145s] INFO:colcon.colcon_core.shell:Creating prefix chain script '/home/shanmukh/ros2_ws/install/setup.ps1'
[6.147s] INFO:colcon.colcon_core.shell:Creating prefix script '/home/shanmukh/ros2_ws/install/local_setup.sh'
[6.148s] INFO:colcon.colcon_core.shell:Creating prefix util module '/home/shanmukh/ros2_ws/install/_local_setup_util_sh.py'
[6.148s] INFO:colcon.colcon_core.shell:Creating prefix chain script '/home/shanmukh/ros2_ws/install/setup.sh'
[6.149s] INFO:colcon.colcon_core.shell:Creating prefix script '/home/shanmukh/ros2_ws/install/local_setup.bash'
[6.150s] INFO:colcon.colcon_core.shell:Creating prefix chain script '/home/shanmukh/ros2_ws/install/setup.bash'
[6.150s] INFO:colcon.colcon_core.shell:Creating prefix script '/home/shanmukh/ros2_ws/install/local_setup.zsh'
[6.151s] INFO:colcon.colcon_core.shell:Creating prefix chain script '/home/shanmukh/ros2_ws/install/setup.zsh'
