[0.490s] Invoking command in '/home/shanmukh/ros2_ws/build/r2d2_controller': PYTHONPATH=/home/shanmukh/ros2_ws/build/r2d2_controller/prefix_override:/home/shanmukh/ros2_ws/install/r2d2_controller/lib/python3.10/site-packages:${PYTHONPATH} /usr/bin/python3 setup.py develop --uninstall --editable --build-directory /home/shanmukh/ros2_ws/build/r2d2_controller/build
[0.722s] running develop
[0.883s] Invoked command in '/home/shanmukh/ros2_ws/build/r2d2_controller' returned '0': PYTHONPATH=/home/shanmukh/ros2_ws/build/r2d2_controller/prefix_override:/home/shanmukh/ros2_ws/install/r2d2_controller/lib/python3.10/site-packages:${PYTHONPATH} /usr/bin/python3 setup.py develop --uninstall --editable --build-directory /home/shanmukh/ros2_ws/build/r2d2_controller/build
[0.884s] Invoking command in '/home/shanmukh/ros2_ws/src/r2d2_controller': PYTHONPATH=/home/shanmukh/ros2_ws/build/r2d2_controller/prefix_override:/home/shanmukh/ros2_ws/install/r2d2_controller/lib/python3.10/site-packages:${PYTHONPATH} /usr/bin/python3 setup.py egg_info --egg-base ../../build/r2d2_controller build --build-base /home/shanmukh/ros2_ws/build/r2d2_controller/build install --record /home/shanmukh/ros2_ws/build/r2d2_controller/install.log --single-version-externally-managed
[1.063s] running egg_info
[1.063s] writing ../../build/r2d2_controller/r2d2_controller.egg-info/PKG-INFO
[1.063s] writing dependency_links to ../../build/r2d2_controller/r2d2_controller.egg-info/dependency_links.txt
[1.063s] writing entry points to ../../build/r2d2_controller/r2d2_controller.egg-info/entry_points.txt
[1.063s] writing requirements to ../../build/r2d2_controller/r2d2_controller.egg-info/requires.txt
[1.063s] writing top-level names to ../../build/r2d2_controller/r2d2_controller.egg-info/top_level.txt
[1.064s] reading manifest file '../../build/r2d2_controller/r2d2_controller.egg-info/SOURCES.txt'
[1.065s] writing manifest file '../../build/r2d2_controller/r2d2_controller.egg-info/SOURCES.txt'
[1.065s] running build
[1.065s] running build_py
[1.065s] copying r2d2_controller/draw_circle.py -> /home/shanmukh/ros2_ws/build/r2d2_controller/build/lib/r2d2_controller
[1.065s] running install
[1.066s] running install_lib
[1.066s] copying /home/shanmukh/ros2_ws/build/r2d2_controller/build/lib/r2d2_controller/draw_circle.py -> /home/shanmukh/ros2_ws/install/r2d2_controller/lib/python3.10/site-packages/r2d2_controller
[1.066s] byte-compiling /home/shanmukh/ros2_ws/install/r2d2_controller/lib/python3.10/site-packages/r2d2_controller/draw_circle.py to draw_circle.cpython-310.pyc
[1.067s] running install_data
[1.067s] running install_egg_info
[1.068s] removing '/home/shanmukh/ros2_ws/install/r2d2_controller/lib/python3.10/site-packages/r2d2_controller-0.0.0-py3.10.egg-info' (and everything under it)
[1.068s] Copying ../../build/r2d2_controller/r2d2_controller.egg-info to /home/shanmukh/ros2_ws/install/r2d2_controller/lib/python3.10/site-packages/r2d2_controller-0.0.0-py3.10.egg-info
[1.069s] running install_scripts
[1.081s] Installing draw_circle script to /home/shanmukh/ros2_ws/install/r2d2_controller/lib/r2d2_controller
[1.081s] Installing number_counter script to /home/shanmukh/ros2_ws/install/r2d2_controller/lib/r2d2_controller
[1.081s] Installing number_publisher script to /home/shanmukh/ros2_ws/install/r2d2_controller/lib/r2d2_controller
[1.081s] Installing pose_subscriber script to /home/shanmukh/ros2_ws/install/r2d2_controller/lib/r2d2_controller
[1.081s] Installing test_node script to /home/shanmukh/ros2_ws/install/r2d2_controller/lib/r2d2_controller
[1.082s] Installing turtle_controller script to /home/shanmukh/ros2_ws/install/r2d2_controller/lib/r2d2_controller
[1.082s] writing list of installed files to '/home/shanmukh/ros2_ws/build/r2d2_controller/install.log'
[1.100s] Invoked command in '/home/shanmukh/ros2_ws/src/r2d2_controller' returned '0': PYTHONPATH=/home/shanmukh/ros2_ws/build/r2d2_controller/prefix_override:/home/shanmukh/ros2_ws/install/r2d2_controller/lib/python3.10/site-packages:${PYTHONPATH} /usr/bin/python3 setup.py egg_info --egg-base ../../build/r2d2_controller build --build-base /home/shanmukh/ros2_ws/build/r2d2_controller/build install --record /home/shanmukh/ros2_ws/build/r2d2_controller/install.log --single-version-externally-managed
