-- Found ament_cmake: 1.3.4 (/opt/ros/humble/share/ament_cmake/cmake)
-- Override CMake install command with custom implementation using symlinks instead of copying resources
-- Found rclcpp: 16.0.4 (/opt/ros/humble/share/rclcpp/cmake)
-- Found rosidl_generator_c: 3.1.4 (/opt/ros/humble/share/rosidl_generator_c/cmake)
-- Found rosidl_adapter: 3.1.4 (/opt/ros/humble/share/rosidl_adapter/cmake)
-- Found rosidl_generator_cpp: 3.1.4 (/opt/ros/humble/share/rosidl_generator_cpp/cmake)
-- Using all available rosidl_typesupport_c: rosidl_typesupport_fastrtps_c;rosidl_typesupport_introspection_c
-- Using all available rosidl_typesupport_cpp: rosidl_typesupport_fastrtps_cpp;rosidl_typesupport_introspection_cpp
-- Found rmw_implementation_cmake: 6.1.1 (/opt/ros/humble/share/rmw_implementation_cmake/cmake)
-- Found rmw_cyclonedds_cpp: 1.3.4 (/opt/ros/humble/share/rmw_cyclonedds_cpp/cmake)
-- Using RMW implementation 'rmw_cyclonedds_cpp' as default
-- Found geometry_msgs: 4.2.3 (/opt/ros/humble/share/geometry_msgs/cmake)
-- Found turtlesim: 1.4.2 (/opt/ros/humble/share/turtlesim/cmake)
-- Found example_interfaces: 0.9.3 (/opt/ros/humble/share/example_interfaces/cmake)
-- Configuring done
-- Generating done
-- Build files have been written to: /home/shanmukh/ros2_ws/build/r2d2_controller_cpp
[35m[1mConsolidate compiler generated dependencies of target pose_subsciber[0m
[35m[1mConsolidate compiler generated dependencies of target draw_circle[0m
[35m[1mConsolidate compiler generated dependencies of target turtle_controller[0m
[35m[1mConsolidate compiler generated dependencies of target cpp_node[0m
[ 10%] [32mBuilding CXX object CMakeFiles/number_counter.dir/src/number_counter.cpp.o[0m
[ 30%] Built target draw_circle
[ 50%] Built target pose_subsciber
[ 70%] Built target cpp_node
[ 90%] Built target turtle_controller
In file included from [01m[K/opt/ros/humble/include/rclcpp/rclcpp/logging.hpp:24[m[K,
                 from [01m[K/opt/ros/humble/include/rclcpp/rclcpp/client.hpp:40[m[K,
                 from [01m[K/opt/ros/humble/include/rclcpp/rclcpp/callback_group.hpp:24[m[K,
                 from [01m[K/opt/ros/humble/include/rclcpp/rclcpp/any_executable.hpp:20[m[K,
                 from [01m[K/opt/ros/humble/include/rclcpp/rclcpp/memory_strategy.hpp:25[m[K,
                 from [01m[K/opt/ros/humble/include/rclcpp/rclcpp/memory_strategies.hpp:18[m[K,
                 from [01m[K/opt/ros/humble/include/rclcpp/rclcpp/executor_options.hpp:20[m[K,
                 from [01m[K/opt/ros/humble/include/rclcpp/rclcpp/executor.hpp:37[m[K,
                 from [01m[K/opt/ros/humble/include/rclcpp/rclcpp/executors/multi_threaded_executor.hpp:25[m[K,
                 from [01m[K/opt/ros/humble/include/rclcpp/rclcpp/executors.hpp:21[m[K,
                 from [01m[K/opt/ros/humble/include/rclcpp/rclcpp/rclcpp.hpp:155[m[K,
                 from [01m[K/home/shanmukh/ros2_ws/src/r2d2_controller_cpp/src/number_counter.cpp:1[m[K:
[01m[K/home/shanmukh/ros2_ws/src/r2d2_controller_cpp/src/number_counter.cpp:[m[K In member function ‘[01m[Kvoid NumberCounterNode::callback(example_interfaces::msg::Int64_<std::allocator<void> >::SharedPtr)[m[K’:
[01m[K/home/shanmukh/ros2_ws/src/r2d2_controller_cpp/src/number_counter.cpp:7:45:[m[K [01;35m[Kwarning: [m[Kformat ‘[01m[K%d[m[K’ expects argument of type ‘[01m[Kint[m[K’, but argument 5 has type ‘[01m[Kconst SharedPtr[m[K’ {aka ‘[01m[Kconst std::shared_ptr<example_interfaces::msg::Int64_<std::allocator<void> > >[m[K’} [[01;35m[K]8;;https://gcc.gnu.org/onlinedocs/gcc/Warning-Options.html#index-Wformat=-Wformat=]8;;[m[K]
    7 |             RCLCPP_INFO(this->get_logger(), [01;35m[K"%d"[m[K, msg);
      |                                             [01;35m[K^~~~[m[K
[01m[K/home/shanmukh/ros2_ws/src/r2d2_controller_cpp/src/number_counter.cpp:7:47:[m[K [01;36m[Knote: [m[Kformat string is defined here
    7 |             RCLCPP_INFO(this->get_logger(), "[01;36m[K%d[m[K", msg);
      |                                              [01;36m[K~^[m[K
      |                                               [01;36m[K|[m[K
      |                                               [01;36m[Kint[m[K
[100%] [32m[1mLinking CXX executable number_counter[0m
[100%] Built target number_counter
-- Install configuration: ""
-- Execute custom install script
-- Up-to-date symlink: /home/shanmukh/ros2_ws/install/r2d2_controller_cpp/lib/r2d2_controller_cpp/cpp_node
-- Up-to-date symlink: /home/shanmukh/ros2_ws/install/r2d2_controller_cpp/lib/r2d2_controller_cpp/draw_circle
-- Up-to-date symlink: /home/shanmukh/ros2_ws/install/r2d2_controller_cpp/lib/r2d2_controller_cpp/pose_subsciber
-- Up-to-date symlink: /home/shanmukh/ros2_ws/install/r2d2_controller_cpp/lib/r2d2_controller_cpp/turtle_controller
-- Symlinking: /home/shanmukh/ros2_ws/install/r2d2_controller_cpp/lib/r2d2_controller_cpp/number_counter
-- Up-to-date symlink: /home/shanmukh/ros2_ws/install/r2d2_controller_cpp/share/ament_index/resource_index/package_run_dependencies/r2d2_controller_cpp
-- Up-to-date symlink: /home/shanmukh/ros2_ws/install/r2d2_controller_cpp/share/ament_index/resource_index/parent_prefix_path/r2d2_controller_cpp
-- Up-to-date symlink: /home/shanmukh/ros2_ws/install/r2d2_controller_cpp/share/r2d2_controller_cpp/environment/ament_prefix_path.sh
-- Up-to-date symlink: /home/shanmukh/ros2_ws/install/r2d2_controller_cpp/share/r2d2_controller_cpp/environment/ament_prefix_path.dsv
-- Up-to-date symlink: /home/shanmukh/ros2_ws/install/r2d2_controller_cpp/share/r2d2_controller_cpp/environment/path.sh
-- Up-to-date symlink: /home/shanmukh/ros2_ws/install/r2d2_controller_cpp/share/r2d2_controller_cpp/environment/path.dsv
-- Up-to-date symlink: /home/shanmukh/ros2_ws/install/r2d2_controller_cpp/share/r2d2_controller_cpp/local_setup.bash
-- Up-to-date symlink: /home/shanmukh/ros2_ws/install/r2d2_controller_cpp/share/r2d2_controller_cpp/local_setup.sh
-- Up-to-date symlink: /home/shanmukh/ros2_ws/install/r2d2_controller_cpp/share/r2d2_controller_cpp/local_setup.zsh
-- Up-to-date symlink: /home/shanmukh/ros2_ws/install/r2d2_controller_cpp/share/r2d2_controller_cpp/local_setup.dsv
-- Symlinking: /home/shanmukh/ros2_ws/install/r2d2_controller_cpp/share/r2d2_controller_cpp/package.dsv
-- Up-to-date symlink: /home/shanmukh/ros2_ws/install/r2d2_controller_cpp/share/ament_index/resource_index/packages/r2d2_controller_cpp
-- Up-to-date symlink: /home/shanmukh/ros2_ws/install/r2d2_controller_cpp/share/r2d2_controller_cpp/cmake/r2d2_controller_cppConfig.cmake
-- Up-to-date symlink: /home/shanmukh/ros2_ws/install/r2d2_controller_cpp/share/r2d2_controller_cpp/cmake/r2d2_controller_cppConfig-version.cmake
-- Up-to-date symlink: /home/shanmukh/ros2_ws/install/r2d2_controller_cpp/share/r2d2_controller_cpp/package.xml
