[0.563s] Invoking command in '/home/shanmukh/ros2_ws/build/r2d2_controller': PYTHONPATH=/home/shanmukh/ros2_ws/build/r2d2_controller/prefix_override:/home/shanmukh/ros2_ws/install/r2d2_controller/lib/python3.10/site-packages:${PYTHONPATH} /usr/bin/python3 setup.py develop --editable --build-directory /home/shanmukh/ros2_ws/build/r2d2_controller/build --no-deps install_data
[0.756s] running develop
[0.903s] running egg_info
[0.903s] writing r2d2_controller.egg-info/PKG-INFO
[0.903s] writing dependency_links to r2d2_controller.egg-info/dependency_links.txt
[0.903s] writing entry points to r2d2_controller.egg-info/entry_points.txt
[0.903s] writing requirements to r2d2_controller.egg-info/requires.txt
[0.903s] writing top-level names to r2d2_controller.egg-info/top_level.txt
[0.905s] reading manifest file 'r2d2_controller.egg-info/SOURCES.txt'
[0.912s] writing manifest file 'r2d2_controller.egg-info/SOURCES.txt'
[0.913s] running build_ext
[0.913s] Creating /home/shanmukh/ros2_ws/install/r2d2_controller/lib/python3.10/site-packages/r2d2-controller.egg-link (link to .)
[0.913s] Installing draw_circle script to /home/shanmukh/ros2_ws/install/r2d2_controller/lib/r2d2_controller
[0.913s] Installing pose_subscriber script to /home/shanmukh/ros2_ws/install/r2d2_controller/lib/r2d2_controller
[0.913s] Installing test_node script to /home/shanmukh/ros2_ws/install/r2d2_controller/lib/r2d2_controller
[0.913s] Installing turtle_controller script to /home/shanmukh/ros2_ws/install/r2d2_controller/lib/r2d2_controller
[0.914s] 
[0.914s] Installed /home/shanmukh/ros2_ws/build/r2d2_controller
[0.914s] running install_data
[0.914s] copying package.xml -> /home/shanmukh/ros2_ws/install/r2d2_controller/share/r2d2_controller
[0.937s] Invoked command in '/home/shanmukh/ros2_ws/build/r2d2_controller' returned '0': PYTHONPATH=/home/shanmukh/ros2_ws/build/r2d2_controller/prefix_override:/home/shanmukh/ros2_ws/install/r2d2_controller/lib/python3.10/site-packages:${PYTHONPATH} /usr/bin/python3 setup.py develop --editable --build-directory /home/shanmukh/ros2_ws/build/r2d2_controller/build --no-deps install_data
