[0.008s] Invoking command in '/home/shanmukh/ros2_ws/build/r2d2_controller_cpp': CMAKE_PREFIX_PATH=${CMAKE_PREFIX_PATH}:/home/shanmukh/ros2_ws/install/r2d2_controller:/opt/ros/humble /usr/bin/cmake --build /home/shanmukh/ros2_ws/build/r2d2_controller_cpp -- -j8 -l8
[0.032s] [35m[1mConsolidate compiler generated dependencies of target turtle_controller[0m
[0.038s] [ 75%] Built target pose_subsciber
[0.038s] [ 75%] Built target cpp_node
[0.038s] [ 75%] Built target draw_circle
[0.041s] [ 87%] [32mBuilding CXX object CMakeFiles/turtle_controller.dir/src/turtle_controller.cpp.o[0m
[5.838s] [100%] [32m[1mLinking CXX executable turtle_controller[0m
[6.134s] [100%] Built target turtle_controller
[6.143s] Invoked command in '/home/shanmukh/ros2_ws/build/r2d2_controller_cpp' returned '0': CMAKE_PREFIX_PATH=${CMAKE_PREFIX_PATH}:/home/shanmukh/ros2_ws/install/r2d2_controller:/opt/ros/humble /usr/bin/cmake --build /home/shanmukh/ros2_ws/build/r2d2_controller_cpp -- -j8 -l8
[6.167s] Invoking command in '/home/shanmukh/ros2_ws/build/r2d2_controller_cpp': CMAKE_PREFIX_PATH=${CMAKE_PREFIX_PATH}:/home/shanmukh/ros2_ws/install/r2d2_controller:/opt/ros/humble /usr/bin/cmake --install /home/shanmukh/ros2_ws/build/r2d2_controller_cpp
[6.171s] -- Install configuration: ""
[6.171s] -- Execute custom install script
[6.171s] -- Up-to-date symlink: /home/shanmukh/ros2_ws/install/r2d2_controller_cpp/lib/r2d2_controller_cpp/cpp_node
[6.171s] -- Up-to-date symlink: /home/shanmukh/ros2_ws/install/r2d2_controller_cpp/lib/r2d2_controller_cpp/draw_circle
[6.171s] -- Up-to-date symlink: /home/shanmukh/ros2_ws/install/r2d2_controller_cpp/lib/r2d2_controller_cpp/pose_subsciber
[6.171s] -- Up-to-date symlink: /home/shanmukh/ros2_ws/install/r2d2_controller_cpp/lib/r2d2_controller_cpp/turtle_controller
[6.171s] -- Up-to-date symlink: /home/shanmukh/ros2_ws/install/r2d2_controller_cpp/share/ament_index/resource_index/package_run_dependencies/r2d2_controller_cpp
[6.171s] -- Up-to-date symlink: /home/shanmukh/ros2_ws/install/r2d2_controller_cpp/share/ament_index/resource_index/parent_prefix_path/r2d2_controller_cpp
[6.172s] -- Up-to-date symlink: /home/shanmukh/ros2_ws/install/r2d2_controller_cpp/share/r2d2_controller_cpp/environment/ament_prefix_path.sh
[6.172s] -- Up-to-date symlink: /home/shanmukh/ros2_ws/install/r2d2_controller_cpp/share/r2d2_controller_cpp/environment/ament_prefix_path.dsv
[6.172s] -- Up-to-date symlink: /home/shanmukh/ros2_ws/install/r2d2_controller_cpp/share/r2d2_controller_cpp/environment/path.sh
[6.172s] -- Up-to-date symlink: /home/shanmukh/ros2_ws/install/r2d2_controller_cpp/share/r2d2_controller_cpp/environment/path.dsv
[6.172s] -- Up-to-date symlink: /home/shanmukh/ros2_ws/install/r2d2_controller_cpp/share/r2d2_controller_cpp/local_setup.bash
[6.172s] -- Up-to-date symlink: /home/shanmukh/ros2_ws/install/r2d2_controller_cpp/share/r2d2_controller_cpp/local_setup.sh
[6.172s] -- Up-to-date symlink: /home/shanmukh/ros2_ws/install/r2d2_controller_cpp/share/r2d2_controller_cpp/local_setup.zsh
[6.172s] -- Up-to-date symlink: /home/shanmukh/ros2_ws/install/r2d2_controller_cpp/share/r2d2_controller_cpp/local_setup.dsv
[6.172s] -- Symlinking: /home/shanmukh/ros2_ws/install/r2d2_controller_cpp/share/r2d2_controller_cpp/package.dsv
[6.177s] -- Up-to-date symlink: /home/shanmukh/ros2_ws/install/r2d2_controller_cpp/share/ament_index/resource_index/packages/r2d2_controller_cpp
[6.177s] -- Up-to-date symlink: /home/shanmukh/ros2_ws/install/r2d2_controller_cpp/share/r2d2_controller_cpp/cmake/r2d2_controller_cppConfig.cmake
[6.177s] -- Up-to-date symlink: /home/shanmukh/ros2_ws/install/r2d2_controller_cpp/share/r2d2_controller_cpp/cmake/r2d2_controller_cppConfig-version.cmake
[6.177s] -- Up-to-date symlink: /home/shanmukh/ros2_ws/install/r2d2_controller_cpp/share/r2d2_controller_cpp/package.xml
[6.178s] Invoked command in '/home/shanmukh/ros2_ws/build/r2d2_controller_cpp' returned '0': CMAKE_PREFIX_PATH=${CMAKE_PREFIX_PATH}:/home/shanmukh/ros2_ws/install/r2d2_controller:/opt/ros/humble /usr/bin/cmake --install /home/shanmukh/ros2_ws/build/r2d2_controller_cpp
