[0.552s] Invoking command in '/home/shanmukh/ros2_ws/src/r2d2_controller': PYTHONPATH=/home/shanmukh/ros2_ws/build/r2d2_controller/prefix_override:/home/shanmukh/ros2_ws/install/r2d2_controller/lib/python3.10/site-packages:${PYTHONPATH} /usr/bin/python3 setup.py egg_info --egg-base ../../build/r2d2_controller build --build-base /home/shanmukh/ros2_ws/build/r2d2_controller/build install --record /home/shanmukh/ros2_ws/build/r2d2_controller/install.log --single-version-externally-managed
[0.750s] running egg_info
[0.750s] writing ../../build/r2d2_controller/r2d2_controller.egg-info/PKG-INFO
[0.750s] writing dependency_links to ../../build/r2d2_controller/r2d2_controller.egg-info/dependency_links.txt
[0.750s] writing entry points to ../../build/r2d2_controller/r2d2_controller.egg-info/entry_points.txt
[0.750s] writing requirements to ../../build/r2d2_controller/r2d2_controller.egg-info/requires.txt
[0.750s] writing top-level names to ../../build/r2d2_controller/r2d2_controller.egg-info/top_level.txt
[0.752s] reading manifest file '../../build/r2d2_controller/r2d2_controller.egg-info/SOURCES.txt'
[0.753s] writing manifest file '../../build/r2d2_controller/r2d2_controller.egg-info/SOURCES.txt'
[0.753s] running build
[0.753s] running build_py
[0.753s] copying r2d2_controller/my_first_node.py -> /home/shanmukh/ros2_ws/build/r2d2_controller/build/lib/r2d2_controller
[0.753s] running install
[0.753s] running install_lib
[0.754s] copying /home/shanmukh/ros2_ws/build/r2d2_controller/build/lib/r2d2_controller/my_first_node.py -> /home/shanmukh/ros2_ws/install/r2d2_controller/lib/python3.10/site-packages/r2d2_controller
[0.754s] byte-compiling /home/shanmukh/ros2_ws/install/r2d2_controller/lib/python3.10/site-packages/r2d2_controller/my_first_node.py to my_first_node.cpython-310.pyc
[0.754s] running install_data
[0.755s] running install_egg_info
[0.756s] removing '/home/shanmukh/ros2_ws/install/r2d2_controller/lib/python3.10/site-packages/r2d2_controller-0.0.0-py3.10.egg-info' (and everything under it)
[0.756s] Copying ../../build/r2d2_controller/r2d2_controller.egg-info to /home/shanmukh/ros2_ws/install/r2d2_controller/lib/python3.10/site-packages/r2d2_controller-0.0.0-py3.10.egg-info
[0.757s] running install_scripts
[0.771s] Installing test_node script to /home/shanmukh/ros2_ws/install/r2d2_controller/lib/r2d2_controller
[0.772s] writing list of installed files to '/home/shanmukh/ros2_ws/build/r2d2_controller/install.log'
[0.797s] Invoked command in '/home/shanmukh/ros2_ws/src/r2d2_controller' returned '0': PYTHONPATH=/home/shanmukh/ros2_ws/build/r2d2_controller/prefix_override:/home/shanmukh/ros2_ws/install/r2d2_controller/lib/python3.10/site-packages:${PYTHONPATH} /usr/bin/python3 setup.py egg_info --egg-base ../../build/r2d2_controller build --build-base /home/shanmukh/ros2_ws/build/r2d2_controller/build install --record /home/shanmukh/ros2_ws/build/r2d2_controller/install.log --single-version-externally-managed
